Determining if the pthread_create exist failed with the following output:
Change Dir: /home/corentin/Documents/Cours/2A/UE4.2_Simulation/Warthog_V-REP/ROS/build/CMakeFiles/CMakeTmp

Run Build Command:"/usr/bin/make" "cmTC_9768c/fast"
/usr/bin/make -f CMakeFiles/cmTC_9768c.dir/build.make CMakeFiles/cmTC_9768c.dir/build
make[1] : on entre dans le répertoire « /home/corentin/Documents/Cours/2A/UE4.2_Simulation/Warthog_V-REP/ROS/build/CMakeFiles/CMakeTmp »
Building C object CMakeFiles/cmTC_9768c.dir/CheckSymbolExists.c.o
/usr/bin/cc    -o CMakeFiles/cmTC_9768c.dir/CheckSymbolExists.c.o   -c /home/corentin/Documents/Cours/2A/UE4.2_Simulation/Warthog_V-REP/ROS/build/CMakeFiles/CMakeTmp/CheckSymbolExists.c
Linking C executable cmTC_9768c
/usr/bin/cmake -E cmake_link_script CMakeFiles/cmTC_9768c.dir/link.txt --verbose=1
/usr/bin/cc      -rdynamic CMakeFiles/cmTC_9768c.dir/CheckSymbolExists.c.o  -o cmTC_9768c 
CMakeFiles/cmTC_9768c.dir/CheckSymbolExists.c.o : Dans la fonction « main » :
CheckSymbolExists.c:(.text+0x1b) : référence indéfinie vers « pthread_create »
collect2: error: ld returned 1 exit status
CMakeFiles/cmTC_9768c.dir/build.make:97: recipe for target 'cmTC_9768c' failed
make[1]: *** [cmTC_9768c] Error 1
make[1] : on quitte le répertoire « /home/corentin/Documents/Cours/2A/UE4.2_Simulation/Warthog_V-REP/ROS/build/CMakeFiles/CMakeTmp »
Makefile:126: recipe for target 'cmTC_9768c/fast' failed
make: *** [cmTC_9768c/fast] Error 2

File /home/corentin/Documents/Cours/2A/UE4.2_Simulation/Warthog_V-REP/ROS/build/CMakeFiles/CMakeTmp/CheckSymbolExists.c:
/* */
#include <pthread.h>

int main(int argc, char** argv)
{
  (void)argv;
#ifndef pthread_create
  return ((int*)(&pthread_create))[argc];
#else
  (void)argc;
  return 0;
#endif
}

Determining if the function pthread_create exists in the pthreads failed with the following output:
Change Dir: /home/corentin/Documents/Cours/2A/UE4.2_Simulation/Warthog_V-REP/ROS/build/CMakeFiles/CMakeTmp

Run Build Command:"/usr/bin/make" "cmTC_fce9a/fast"
/usr/bin/make -f CMakeFiles/cmTC_fce9a.dir/build.make CMakeFiles/cmTC_fce9a.dir/build
make[1] : on entre dans le répertoire « /home/corentin/Documents/Cours/2A/UE4.2_Simulation/Warthog_V-REP/ROS/build/CMakeFiles/CMakeTmp »
Building C object CMakeFiles/cmTC_fce9a.dir/CheckFunctionExists.c.o
/usr/bin/cc   -DCHECK_FUNCTION_EXISTS=pthread_create   -o CMakeFiles/cmTC_fce9a.dir/CheckFunctionExists.c.o   -c /usr/share/cmake-3.10/Modules/CheckFunctionExists.c
Linking C executable cmTC_fce9a
/usr/bin/cmake -E cmake_link_script CMakeFiles/cmTC_fce9a.dir/link.txt --verbose=1
/usr/bin/cc  -DCHECK_FUNCTION_EXISTS=pthread_create    -rdynamic CMakeFiles/cmTC_fce9a.dir/CheckFunctionExists.c.o  -o cmTC_fce9a -lpthreads 
/usr/bin/ld : ne peut trouver -lpthreads
collect2: error: ld returned 1 exit status
CMakeFiles/cmTC_fce9a.dir/build.make:97: recipe for target 'cmTC_fce9a' failed
make[1]: *** [cmTC_fce9a] Error 1
make[1] : on quitte le répertoire « /home/corentin/Documents/Cours/2A/UE4.2_Simulation/Warthog_V-REP/ROS/build/CMakeFiles/CMakeTmp »
Makefile:126: recipe for target 'cmTC_fce9a/fast' failed
make: *** [cmTC_fce9a/fast] Error 2


